<?xml version="1.0" encoding="UTF-8"?>
<!-- Generated by org.testng.reporters.JUnitXMLReporter -->
<testsuite ignored="0" hostname="Lenovo" failures="2" tests="4" name="TNT_TestCases" time="11.515" errors="0" timestamp="2021-03-08T04:45:04 GMT-08:00">
  <testcase classname="TNT.TC01_SignUp" name="Test_SignUp" time="2.445">
    <failure type="java.lang.AssertionError" message="expected [200] but found [400]">
      <![CDATA[java.lang.AssertionError: expected [200] but found [400]
at TNT.TC01_SignUp.Test_SignUp(TC01_SignUp.java:34)
at java.base/java.util.ArrayList.forEach(ArrayList.java:1511)
... Removed 33 stack frames]]>
    </failure>
  </testcase> <!-- Test_SignUp -->
  <testcase classname="TNT.TC01_SignUp" name="Save_ResponseData" time="0.065">
    <failure type="io.restassured.path.json.exception.JsonPathException" message="Failed to parse the JSON document">
      <![CDATA[io.restassured.path.json.exception.JsonPathException: Failed to parse the JSON document
at io.restassured.path.json.JsonPath$ExceptionCatcher.invoke(JsonPath.java:1002)
at io.restassured.path.json.JsonPath$4.doParseWith(JsonPath.java:967)
at io.restassured.path.json.JsonPath$JsonParser.parseWith(JsonPath.java:1047)
at io.restassured.path.json.JsonPath.get(JsonPath.java:202)
at io.restassured.path.json.JsonPath.getString(JsonPath.java:352)
at Utility.Helper_func.getJsonPath_StringValue(Helper_func.java:55)
at TNT.TC01_SignUp.Save_ResponseData(TC01_SignUp.java:40)
at java.base/java.util.ArrayList.forEach(ArrayList.java:1511)
Caused by: java.lang.IllegalArgumentException: The JSON input text should neither be null nor empty.
at org.codehaus.groovy.runtime.callsite.ConstructorSite$ConstructorSiteNoUnwrapNoCoerce.callConstructor(ConstructorSite.java:105)
at org.codehaus.groovy.runtime.callsite.CallSiteArray.defaultCallConstructor(CallSiteArray.java:59)
at org.codehaus.groovy.runtime.callsite.AbstractCallSite.callConstructor(AbstractCallSite.java:263)
at org.codehaus.groovy.runtime.callsite.AbstractCallSite.callConstructor(AbstractCallSite.java:277)
at io.restassured.internal.path.json.ConfigurableJsonSlurper.parseText(ConfigurableJsonSlurper.groovy:80)
at io.restassured.path.json.JsonPath$4$1.method(JsonPath.java:965)
at io.restassured.path.json.JsonPath$ExceptionCatcher.invoke(JsonPath.java:1000)
... 34 more
... Removed 33 stack frames]]>
    </failure>
  </testcase> <!-- Save_ResponseData -->
  <testcase classname="TNT.TC02_ValidateOTP" name="Test_ValidateOTP" time="1.879"/>
  <testcase classname="TNT.TC02_ValidateOTP" name="Save_ResponseData" time="3.939"/>
</testsuite> <!-- TNT_TestCases -->
