<?xml version="1.0" encoding="UTF-8"?>
<!-- Generated by org.testng.reporters.JUnitXMLReporter -->
<testsuite ignored="2" hostname="Lenovo" failures="0" tests="9" name="CUS_TestCases" time="44.923" errors="0" timestamp="2021-03-12T08:02:36 PST">
  <testcase classname="CUS.TC01_CUS_Auth_SignUp" name="BeforeTest_LaunchURI" time="5.262"/>
  <testcase classname="CUS.TC01_CUS_Auth_SignUp" name="Test_SignUp" time="1.947"/>
  <testcase classname="CUS.TC01_CUS_Auth_SignUp" name="Save_ResponseData" time="11.935"/>
  <testcase classname="CUS.TC02_CUS_Auth_ValidateOTP" name="BeforeTest_LaunchURI" time="3.083"/>
  <testcase classname="CUS.TC02_CUS_Auth_ValidateOTP" name="Test_ValidateOTP" time="1.109"/>
  <testcase classname="CUS.TC02_CUS_Auth_ValidateOTP" name="Save_ResponseData" time="5.379"/>
  <testcase classname="CUS.TC03_CUS_Auth_SendOTP" name="BeforeTest_LaunchURI" time="5.156"/>
  <testcase classname="CUS.TC03_CUS_Auth_SendOTP" name="Test_SendOTP" time="0.501"/>
  <testcase classname="CUS.TC03_CUS_Auth_SendOTP" name="Save_ResponseData" time="10.437"/>
  <testcase classname="Utility.ExtentTestNGReportBuilder" name="@BeforeSuite setUp" time="0.0">
    <ignored/>
  </testcase> <!-- @BeforeSuite setUp -->
  <testcase classname="Utility.ExtentTestNGReportBuilder" name="@BeforeSuite setUp" time="0.0">
    <ignored/>
  </testcase> <!-- @BeforeSuite setUp -->
</testsuite> <!-- CUS_TestCases -->
