<?xml version="1.0" encoding="UTF-8"?>
<!-- Generated by org.testng.reporters.JUnitXMLReporter -->
<testsuite ignored="2" hostname="Lenovo" failures="0" tests="9" name="TNT_TestCases" time="38.629" errors="0" timestamp="2021-03-12T08:03:15 PST">
  <testcase classname="TNT.TC01_TNT_Auth_SignUp" name="BeforeTest_LaunchURI" time="3.051"/>
  <testcase classname="TNT.TC01_TNT_Auth_SignUp" name="Test_SignUp" time="0.999"/>
  <testcase classname="TNT.TC01_TNT_Auth_SignUp" name="Save_ResponseData" time="10.39"/>
  <testcase classname="TNT.TC02_TNT_Auth_ValidateOTP" name="BeforeTest_LaunchURI" time="3.054"/>
  <testcase classname="TNT.TC02_TNT_Auth_ValidateOTP" name="Test_ValidateOTP" time="0.3"/>
  <testcase classname="TNT.TC02_TNT_Auth_ValidateOTP" name="Save_ResponseData" time="5.2"/>
  <testcase classname="TNT.TC03_TNT_Auth_SendOTP" name="BeforeTest_LaunchURI" time="5.106"/>
  <testcase classname="TNT.TC03_TNT_Auth_SendOTP" name="Test_SendOTP" time="0.249"/>
  <testcase classname="TNT.TC03_TNT_Auth_SendOTP" name="Save_ResponseData" time="10.25"/>
  <testcase classname="Utility.ExtentTestNGReportBuilder" name="@BeforeSuite setUp" time="0.0">
    <ignored/>
  </testcase> <!-- @BeforeSuite setUp -->
  <testcase classname="Utility.ExtentTestNGReportBuilder" name="@BeforeSuite setUp" time="0.0">
    <ignored/>
  </testcase> <!-- @BeforeSuite setUp -->
</testsuite> <!-- TNT_TestCases -->
