<?xml version="1.0" encoding="UTF-8"?>
<testng-results ignored="0" total="3" passed="3" failed="0" skipped="0">
  <reporter-output>
  </reporter-output>
  <suite started-at="2021-03-18T10:25:32 PDT" name="Default suite" finished-at="2021-03-18T10:25:52 PDT" duration-ms="20278">
    <groups>
    </groups>
    <test started-at="2021-03-18T10:25:32 PDT" name="Default test" finished-at="2021-03-18T10:25:52 PDT" duration-ms="20278">
      <class name="TNT.TC03_TNT_Auth_SendOTP">
        <test-method is-config="true" signature="setUp()[pri:0, instance:TNT.TC03_TNT_Auth_SendOTP@72a7c7e0]" started-at="2021-03-18T10:25:32 PDT" name="setUp" finished-at="2021-03-18T10:25:32 PDT" duration-ms="238" status="PASS">
          <reporter-output>
          </reporter-output>
        </test-method> <!-- setUp -->
        <test-method signature="BeforeTest_LaunchURI()[pri:0, instance:TNT.TC03_TNT_Auth_SendOTP@72a7c7e0]" started-at="2021-03-18T10:25:32 PDT" name="BeforeTest_LaunchURI" finished-at="2021-03-18T10:25:39 PDT" duration-ms="7241" status="PASS">
          <reporter-output>
          </reporter-output>
        </test-method> <!-- BeforeTest_LaunchURI -->
        <test-method signature="Test_SendOTP()[pri:1, instance:TNT.TC03_TNT_Auth_SendOTP@72a7c7e0]" started-at="2021-03-18T10:25:39 PDT" name="Test_SendOTP" finished-at="2021-03-18T10:25:40 PDT" duration-ms="1289" status="PASS">
          <reporter-output>
          </reporter-output>
        </test-method> <!-- Test_SendOTP -->
        <test-method signature="Save_ResponseData()[pri:2, instance:TNT.TC03_TNT_Auth_SendOTP@72a7c7e0]" started-at="2021-03-18T10:25:40 PDT" name="Save_ResponseData" finished-at="2021-03-18T10:25:52 PDT" duration-ms="11690" status="PASS">
          <reporter-output>
          </reporter-output>
        </test-method> <!-- Save_ResponseData -->
      </class> <!-- TNT.TC03_TNT_Auth_SendOTP -->
    </test> <!-- Default test -->
  </suite> <!-- Default suite -->
</testng-results>
